[
  {
    "line": 4,
    "elements": [
      {
        "start_timestamp": "2020-03-04T16:36:10.909Z",
        "before": [
          {
            "result": {
              "duration": 19422611800,
              "status": "passed"
            },
            "match": {
              "location": "HookClassForSkate.beforeForAdactin()"
            }
          }
        ],
        "line": 39,
        "name": "verifying adactin login with valid credential.",
        "description": "",
        "id": "verifying-the-whether-user-is-able-to-book-hotel.;verifying-adactin-login-with-valid-credential.;;2",
        "after": [
          {
            "result": {
              "duration": 631300,
              "status": "passed"
            },
            "match": {
              "location": "HookClassForSkate.afterScenario(Scenario)"
            }
          },
          {
            "result": {
              "duration": 78800,
              "status": "passed"
            },
            "match": {
              "location": "HookClassForSkate.quit()"
            }
          }
        ],
        "type": "scenario",
        "keyword": "Scenario Outline",
        "steps": [
          {
            "result": {
              "duration": 809000,
              "status": "passed"
            },
            "line": 6,
            "name": "User is in adactin page.",
            "match": {
              "location": "LoginPageSteps.user_is_in_adactin_page()"
            },
            "keyword": "Given "
          },
          {
            "result": {
              "duration": 2893122500,
              "status": "passed"
            },
            "line": 7,
            "name": "User enters \"Ahmed7848\" and \"Welcome@123\".",
            "match": {
              "arguments": [
                {
                  "val": "\"Ahmed7848\"",
                  "offset": 12
                },
                {
                  "val": "\"Welcome@123\"",
                  "offset": 28
                }
              ],
              "location": "LoginPageSteps.user_enters_and(String,String)"
            },
            "keyword": "When "
          },
          {
            "result": {
              "duration": 2529907900,
              "status": "passed"
            },
            "line": 8,
            "name": "useer is clicked login button.",
            "match": {
              "location": "LoginPageSteps.useer_is_clicked_login_button()"
            },
            "keyword": "Then "
          },
          {
            "result": {
              "duration": 621362500,
              "status": "passed"
            },
            "line": 10,
            "name": "user is selecting the location \"Sydney\"",
            "match": {
              "arguments": [
                {
                  "val": "\"Sydney\"",
                  "offset": 31
                }
              ],
              "location": "LoginPageSteps.user_is_selecting_the_location(String)"
            },
            "keyword": "When "
          },
          {
            "result": {
              "duration": 187835800,
              "status": "passed"
            },
            "line": 11,
            "name": "user is selecting the hotel\"Hotel Creek\"",
            "match": {
              "arguments": [
                {
                  "val": "\"Hotel Creek\"",
                  "offset": 27
                }
              ],
              "location": "LoginPageSteps.user_is_selecting_the_hotel(String)"
            },
            "keyword": "When "
          },
          {
            "result": {
              "duration": 171531900,
              "status": "passed"
            },
            "line": 12,
            "name": "user is selcting roomtype\"Standard\".",
            "match": {
              "arguments": [
                {
                  "val": "\"Standard\"",
                  "offset": 25
                }
              ],
              "location": "LoginPageSteps.user_is_selcting_roomtype(String)"
            },
            "keyword": "When "
          },
          {
            "result": {
              "duration": 202942600,
              "status": "passed"
            },
            "line": 13,
            "name": "user is selecting number of rooms 1",
            "match": {
              "arguments": [
                {
                  "val": "1",
                  "offset": 34
                }
              ],
              "location": "LoginPageSteps.user_is_selecting_number_of_rooms(Integer)"
            },
            "keyword": "When "
          },
          {
            "result": {
              "duration": 280661200,
              "status": "passed"
            },
            "line": 14,
            "name": "user is selecting number room for adults 2",
            "match": {
              "arguments": [
                {
                  "val": "2",
                  "offset": 41
                }
              ],
              "location": "LoginPageSteps.user_is_selecting_number_room_for_adults(Integer)"
            },
            "keyword": "When "
          },
          {
            "result": {
              "duration": 236487700,
              "status": "passed"
            },
            "line": 15,
            "name": "user is selecting number of room for children 3.",
            "match": {
              "arguments": [
                {
                  "val": "3",
                  "offset": 46
                }
              ],
              "location": "LoginPageSteps.user_is_selecting_number_of_room_for_children(Integer)"
            },
            "keyword": "When "
          },
          {
            "result": {
              "duration": 5257362000,
              "status": "passed"
            },
            "line": 16,
            "name": "user clicking search button",
            "match": {
              "location": "LoginPageSteps.user_clicking_search_button()"
            },
            "keyword": "Then "
          },
          {
            "result": {
              "duration": 506310500,
              "status": "passed"
            },
            "line": 19,
            "name": "user clicking confirm button.",
            "match": {
              "location": "LoginPageSteps.user_clicking_confirm_button()"
            },
            "keyword": "When "
          },
          {
            "result": {
              "duration": 1463434200,
              "status": "passed"
            },
            "line": 20,
            "name": "user is clicking continue button.",
            "match": {
              "location": "LoginPageSteps.user_is_clicking_continue_button()"
            },
            "keyword": "Then "
          },
          {
            "result": {
              "duration": 800369900,
              "status": "passed"
            },
            "line": 22,
            "name": "user is enter his \"shabeer\" and \"Ahmed\"",
            "match": {
              "arguments": [
                {
                  "val": "\"shabeer\"",
                  "offset": 18
                },
                {
                  "val": "\"Ahmed\"",
                  "offset": 32
                }
              ],
              "location": "LoginPageSteps.user_is_enter_his_and(String,String)"
            },
            "keyword": "When "
          },
          {
            "result": {
              "duration": 253718500,
              "status": "passed"
            },
            "line": 23,
            "name": "user is enter his \"No 5 george town,new york.\".",
            "match": {
              "arguments": [
                {
                  "val": "\"No 5 george town,new york.\"",
                  "offset": 18
                }
              ],
              "location": "LoginPageSteps.user_is_enter_his(String)"
            },
            "keyword": "When "
          },
          {
            "result": {
              "duration": 236611200,
              "status": "passed"
            },
            "line": 24,
            "name": "user is enter the \"1234567891234567\".",
            "match": {
              "arguments": [
                {
                  "val": "\"1234567891234567\"",
                  "offset": 18
                }
              ],
              "location": "LoginPageSteps.user_is_enter_the(String)"
            },
            "keyword": "When "
          },
          {
            "result": {
              "duration": 186159200,
              "status": "passed"
            },
            "line": 25,
            "name": "user is select his card type\"VISA\"",
            "match": {
              "arguments": [
                {
                  "val": "\"VISA\"",
                  "offset": 28
                }
              ],
              "location": "LoginPageSteps.user_is_select_his_card_type(String)"
            },
            "keyword": "When "
          },
          {
            "result": {
              "duration": 228572000,
              "status": "passed"
            },
            "line": 26,
            "name": "user is select month \"January\"and year \"2020\"of his card.",
            "match": {
              "arguments": [
                {
                  "val": "\"January\"",
                  "offset": 21
                },
                {
                  "val": "\"2020\"",
                  "offset": 39
                }
              ],
              "location": "LoginPageSteps.user_is_select_month_and_year_of_his_card(String,String)"
            },
            "keyword": "When "
          },
          {
            "result": {
              "duration": 89502000,
              "status": "passed"
            },
            "line": 27,
            "name": "user is enter \"123\"",
            "match": {
              "arguments": [
                {
                  "val": "\"123\"",
                  "offset": 14
                }
              ],
              "location": "LoginPageSteps.user_is_enter(String)"
            },
            "keyword": "When "
          },
          {
            "result": {
              "duration": 80902400,
              "status": "passed"
            },
            "line": 28,
            "name": "user is click book now button.",
            "match": {
              "location": "LoginPageSteps.user_is_click_book_now_button()"
            },
            "keyword": "Then "
          },
          {
            "result": {
              "duration": 3050200,
              "status": "passed"
            },
            "line": 32,
            "name": "user is waiting for his order number is get generate",
            "match": {
              "location": "LoginPageSteps.user_is_waiting_for_his_order_number_is_get_generate()"
            },
            "keyword": "When "
          },
          {
            "result": {
              "duration": 5583045400,
              "status": "passed"
            },
            "line": 33,
            "name": "user is printing his order ID.",
            "match": {
              "location": "LoginPageSteps.user_is_printing_his_order_ID()"
            },
            "keyword": "When "
          },
          {
            "result": {
              "duration": 2072870600,
              "status": "passed"
            },
            "line": 34,
            "name": "user is clicking logout.",
            "match": {
              "location": "LoginPageSteps.user_is_clicking_logout()"
            },
            "keyword": "Then "
          }
        ],
        "tags": [
          {
            "name": "@smoke"
          }
        ]
      }
    ],
    "name": "Verifying the whether user is able to book hotel.",
    "description": "",
    "id": "verifying-the-whether-user-is-able-to-book-hotel.",
    "keyword": "Feature",
    "uri": "file:src/test/resources/Feature/Login.feature",
    "tags": [
      {
        "name": "@smoke",
        "type": "Tag",
        "location": {
          "line": 2,
          "column": 1
        }
      }
    ]
  },
  {
    "line": 3,
    "elements": [
      {
        "start_timestamp": "2020-03-04T16:36:54.303Z",
        "before": [
          {
            "result": {
              "error_message": "org.openqa.selenium.WebDriverException: chrome not reachable\n  (Session info: chrome\u003d80.0.3987.122)\nBuild info: version: \u00273.141.59\u0027, revision: \u0027e82be7d358\u0027, time: \u00272018-11-14T08:17:03\u0027\nSystem info: host: \u0027LAPTOP-K28EKLKS\u0027, ip: \u0027192.168.1.2\u0027, os.name: \u0027Windows 10\u0027, os.arch: \u0027amd64\u0027, os.version: \u002710.0\u0027, java.version: \u00271.8.0_221\u0027\nDriver info: org.openqa.selenium.chrome.ChromeDriver\nCapabilities {acceptInsecureCerts: false, browserName: chrome, browserVersion: 80.0.3987.122, chrome: {chromedriverVersion: 79.0.3945.36 (3582db32b3389..., userDataDir: C:\\Users\\SHABEE~1\\AppData\\L...}, goog:chromeOptions: {debuggerAddress: localhost:51927}, javascriptEnabled: true, networkConnectionEnabled: false, pageLoadStrategy: normal, platform: WINDOWS, platformName: WINDOWS, proxy: Proxy(), setWindowRect: true, strictFileInteractability: false, timeouts: {implicit: 0, pageLoad: 300000, script: 30000}, unhandledPromptBehavior: dismiss and notify}\nSession ID: 00501f53eaeab7cb859c1f7e8d14c957\r\n\tat sun.reflect.NativeConstructorAccessorImpl.newInstance0(Native Method)\r\n\tat sun.reflect.NativeConstructorAccessorImpl.newInstance(NativeConstructorAccessorImpl.java:62)\r\n\tat sun.reflect.DelegatingConstructorAccessorImpl.newInstance(DelegatingConstructorAccessorImpl.java:45)\r\n\tat java.lang.reflect.Constructor.newInstance(Constructor.java:423)\r\n\tat org.openqa.selenium.remote.http.W3CHttpResponseCodec.createException(W3CHttpResponseCodec.java:187)\r\n\tat org.openqa.selenium.remote.http.W3CHttpResponseCodec.decode(W3CHttpResponseCodec.java:122)\r\n\tat org.openqa.selenium.remote.http.W3CHttpResponseCodec.decode(W3CHttpResponseCodec.java:49)\r\n\tat org.openqa.selenium.remote.HttpCommandExecutor.execute(HttpCommandExecutor.java:158)\r\n\tat org.openqa.selenium.remote.service.DriverCommandExecutor.execute(DriverCommandExecutor.java:83)\r\n\tat org.openqa.selenium.remote.RemoteWebDriver.execute(RemoteWebDriver.java:552)\r\n\tat org.openqa.selenium.remote.RemoteWebDriver.execute(RemoteWebDriver.java:609)\r\n\tat org.openqa.selenium.remote.RemoteWebDriver$RemoteWebDriverOptions$RemoteWindow.maximize(RemoteWebDriver.java:837)\r\n\tat com.base.LibGlobal.launch(LibGlobal.java:45)\r\n\tat com.stepdefinition.HookClassForSkate.beforeScenario(HookClassForSkate.java:16)\r\n\tat sun.reflect.NativeMethodAccessorImpl.invoke0(Native Method)\r\n\tat sun.reflect.NativeMethodAccessorImpl.invoke(NativeMethodAccessorImpl.java:62)\r\n\tat sun.reflect.DelegatingMethodAccessorImpl.invoke(DelegatingMethodAccessorImpl.java:43)\r\n\tat java.lang.reflect.Method.invoke(Method.java:498)\r\n\tat cucumber.runtime.Utils$1.call(Utils.java:26)\r\n\tat cucumber.runtime.Timeout.timeout(Timeout.java:16)\r\n\tat cucumber.runtime.Utils.invoke(Utils.java:20)\r\n\tat cucumber.runtime.java.JavaHookDefinition.execute(JavaHookDefinition.java:65)\r\n\tat cucumber.runner.HookDefinitionMatch.runStep(HookDefinitionMatch.java:16)\r\n\tat cucumber.runner.TestStep.executeStep(TestStep.java:65)\r\n\tat cucumber.runner.TestStep.run(TestStep.java:50)\r\n\tat cucumber.runner.TestCase.run(TestCase.java:42)\r\n\tat cucumber.runner.Runner.runPickle(Runner.java:50)\r\n\tat io.cucumber.junit.PickleRunners$NoStepDescriptions.run(PickleRunners.java:146)\r\n\tat io.cucumber.junit.FeatureRunner.runChild(FeatureRunner.java:68)\r\n\tat io.cucumber.junit.FeatureRunner.runChild(FeatureRunner.java:23)\r\n\tat org.junit.runners.ParentRunner$3.run(ParentRunner.java:290)\r\n\tat org.junit.runners.ParentRunner$1.schedule(ParentRunner.java:71)\r\n\tat org.junit.runners.ParentRunner.runChildren(ParentRunner.java:288)\r\n\tat org.junit.runners.ParentRunner.access$000(ParentRunner.java:58)\r\n\tat org.junit.runners.ParentRunner$2.evaluate(ParentRunner.java:268)\r\n\tat org.junit.runners.ParentRunner.run(ParentRunner.java:363)\r\n\tat io.cucumber.junit.Cucumber.runChild(Cucumber.java:144)\r\n\tat io.cucumber.junit.Cucumber.runChild(Cucumber.java:65)\r\n\tat org.junit.runners.ParentRunner$3.run(ParentRunner.java:290)\r\n\tat org.junit.runners.ParentRunner$1.schedule(ParentRunner.java:71)\r\n\tat org.junit.runners.ParentRunner.runChildren(ParentRunner.java:288)\r\n\tat org.junit.runners.ParentRunner.access$000(ParentRunner.java:58)\r\n\tat org.junit.runners.ParentRunner$2.evaluate(ParentRunner.java:268)\r\n\tat io.cucumber.junit.Cucumber$RunCucumber.evaluate(Cucumber.java:174)\r\n\tat org.junit.internal.runners.statements.RunAfters.evaluate(RunAfters.java:27)\r\n\tat org.junit.runners.ParentRunner.run(ParentRunner.java:363)\r\n\tat org.eclipse.jdt.internal.junit4.runner.JUnit4TestReference.run(JUnit4TestReference.java:86)\r\n\tat org.eclipse.jdt.internal.junit.runner.TestExecution.run(TestExecution.java:38)\r\n\tat org.eclipse.jdt.internal.junit.runner.RemoteTestRunner.runTests(RemoteTestRunner.java:538)\r\n\tat org.eclipse.jdt.internal.junit.runner.RemoteTestRunner.runTests(RemoteTestRunner.java:760)\r\n\tat org.eclipse.jdt.internal.junit.runner.RemoteTestRunner.run(RemoteTestRunner.java:460)\r\n\tat org.eclipse.jdt.internal.junit.runner.RemoteTestRunner.main(RemoteTestRunner.java:206)\r\n",
              "duration": 40119642800,
              "status": "failed"
            },
            "match": {
              "location": "HookClassForSkate.beforeScenario()"
            }
          }
        ],
        "line": 16,
        "name": "Verifying whether user can able to choose multiple product.",
        "description": "",
        "id": "verifying-user-can-shop-online.;verifying-whether-user-can-able-to-choose-multiple-product.;;2",
        "after": [
          {
            "result": {
              "error_message": "org.openqa.selenium.WebDriverException: chrome not reachable\n  (Session info: chrome\u003d80.0.3987.122)\nBuild info: version: \u00273.141.59\u0027, revision: \u0027e82be7d358\u0027, time: \u00272018-11-14T08:17:03\u0027\nSystem info: host: \u0027LAPTOP-K28EKLKS\u0027, ip: \u0027192.168.1.2\u0027, os.name: \u0027Windows 10\u0027, os.arch: \u0027amd64\u0027, os.version: \u002710.0\u0027, java.version: \u00271.8.0_221\u0027\nDriver info: org.openqa.selenium.chrome.ChromeDriver\nCapabilities {acceptInsecureCerts: false, browserName: chrome, browserVersion: 80.0.3987.122, chrome: {chromedriverVersion: 79.0.3945.36 (3582db32b3389..., userDataDir: C:\\Users\\SHABEE~1\\AppData\\L...}, goog:chromeOptions: {debuggerAddress: localhost:51927}, javascriptEnabled: true, networkConnectionEnabled: false, pageLoadStrategy: normal, platform: WINDOWS, platformName: WINDOWS, proxy: Proxy(), setWindowRect: true, strictFileInteractability: false, timeouts: {implicit: 0, pageLoad: 300000, script: 30000}, unhandledPromptBehavior: dismiss and notify}\nSession ID: 00501f53eaeab7cb859c1f7e8d14c957\r\n\tat sun.reflect.NativeConstructorAccessorImpl.newInstance0(Native Method)\r\n\tat sun.reflect.NativeConstructorAccessorImpl.newInstance(NativeConstructorAccessorImpl.java:62)\r\n\tat sun.reflect.DelegatingConstructorAccessorImpl.newInstance(DelegatingConstructorAccessorImpl.java:45)\r\n\tat java.lang.reflect.Constructor.newInstance(Constructor.java:423)\r\n\tat org.openqa.selenium.remote.http.W3CHttpResponseCodec.createException(W3CHttpResponseCodec.java:187)\r\n\tat org.openqa.selenium.remote.http.W3CHttpResponseCodec.decode(W3CHttpResponseCodec.java:122)\r\n\tat org.openqa.selenium.remote.http.W3CHttpResponseCodec.decode(W3CHttpResponseCodec.java:49)\r\n\tat org.openqa.selenium.remote.HttpCommandExecutor.execute(HttpCommandExecutor.java:158)\r\n\tat org.openqa.selenium.remote.service.DriverCommandExecutor.execute(DriverCommandExecutor.java:83)\r\n\tat org.openqa.selenium.remote.RemoteWebDriver.execute(RemoteWebDriver.java:552)\r\n\tat org.openqa.selenium.remote.RemoteWebDriver.execute(RemoteWebDriver.java:609)\r\n\tat org.openqa.selenium.remote.RemoteWebDriver.getScreenshotAs(RemoteWebDriver.java:295)\r\n\tat com.stepdefinition.HookClassForSkate.afterScenario(HookClassForSkate.java:29)\r\n\tat sun.reflect.NativeMethodAccessorImpl.invoke0(Native Method)\r\n\tat sun.reflect.NativeMethodAccessorImpl.invoke(NativeMethodAccessorImpl.java:62)\r\n\tat sun.reflect.DelegatingMethodAccessorImpl.invoke(DelegatingMethodAccessorImpl.java:43)\r\n\tat java.lang.reflect.Method.invoke(Method.java:498)\r\n\tat cucumber.runtime.Utils$1.call(Utils.java:26)\r\n\tat cucumber.runtime.Timeout.timeout(Timeout.java:16)\r\n\tat cucumber.runtime.Utils.invoke(Utils.java:20)\r\n\tat cucumber.runtime.java.JavaHookDefinition.execute(JavaHookDefinition.java:65)\r\n\tat cucumber.runner.HookDefinitionMatch.runStep(HookDefinitionMatch.java:16)\r\n\tat cucumber.runner.TestStep.executeStep(TestStep.java:65)\r\n\tat cucumber.runner.TestStep.run(TestStep.java:50)\r\n\tat cucumber.runner.TestCase.run(TestCase.java:50)\r\n\tat cucumber.runner.Runner.runPickle(Runner.java:50)\r\n\tat io.cucumber.junit.PickleRunners$NoStepDescriptions.run(PickleRunners.java:146)\r\n\tat io.cucumber.junit.FeatureRunner.runChild(FeatureRunner.java:68)\r\n\tat io.cucumber.junit.FeatureRunner.runChild(FeatureRunner.java:23)\r\n\tat org.junit.runners.ParentRunner$3.run(ParentRunner.java:290)\r\n\tat org.junit.runners.ParentRunner$1.schedule(ParentRunner.java:71)\r\n\tat org.junit.runners.ParentRunner.runChildren(ParentRunner.java:288)\r\n\tat org.junit.runners.ParentRunner.access$000(ParentRunner.java:58)\r\n\tat org.junit.runners.ParentRunner$2.evaluate(ParentRunner.java:268)\r\n\tat org.junit.runners.ParentRunner.run(ParentRunner.java:363)\r\n\tat io.cucumber.junit.Cucumber.runChild(Cucumber.java:144)\r\n\tat io.cucumber.junit.Cucumber.runChild(Cucumber.java:65)\r\n\tat org.junit.runners.ParentRunner$3.run(ParentRunner.java:290)\r\n\tat org.junit.runners.ParentRunner$1.schedule(ParentRunner.java:71)\r\n\tat org.junit.runners.ParentRunner.runChildren(ParentRunner.java:288)\r\n\tat org.junit.runners.ParentRunner.access$000(ParentRunner.java:58)\r\n\tat org.junit.runners.ParentRunner$2.evaluate(ParentRunner.java:268)\r\n\tat io.cucumber.junit.Cucumber$RunCucumber.evaluate(Cucumber.java:174)\r\n\tat org.junit.internal.runners.statements.RunAfters.evaluate(RunAfters.java:27)\r\n\tat org.junit.runners.ParentRunner.run(ParentRunner.java:363)\r\n\tat org.eclipse.jdt.internal.junit4.runner.JUnit4TestReference.run(JUnit4TestReference.java:86)\r\n\tat org.eclipse.jdt.internal.junit.runner.TestExecution.run(TestExecution.java:38)\r\n\tat org.eclipse.jdt.internal.junit.runner.RemoteTestRunner.runTests(RemoteTestRunner.java:538)\r\n\tat org.eclipse.jdt.internal.junit.runner.RemoteTestRunner.runTests(RemoteTestRunner.java:760)\r\n\tat org.eclipse.jdt.internal.junit.runner.RemoteTestRunner.run(RemoteTestRunner.java:460)\r\n\tat org.eclipse.jdt.internal.junit.runner.RemoteTestRunner.main(RemoteTestRunner.java:206)\r\n",
              "duration": 14169788700,
              "status": "failed"
            },
            "match": {
              "location": "HookClassForSkate.afterScenario(Scenario)"
            }
          },
          {
            "result": {
              "duration": 633490900,
              "status": "passed"
            },
            "match": {
              "location": "HookClassForSkate.quit()"
            }
          }
        ],
        "type": "scenario",
        "keyword": "Scenario Outline",
        "steps": [
          {
            "result": {
              "duration": 72300,
              "status": "skipped"
            },
            "line": 6,
            "name": "User is in skateclothing login page",
            "match": {
              "location": "SkateLoginPageDetial.user_is_in_skateclothing_login_page()"
            },
            "keyword": "Given "
          },
          {
            "result": {
              "duration": 38400,
              "status": "skipped"
            },
            "line": 7,
            "name": "user logged in using \"ahmedshabeer1996@gmail.com\"and \"9840585752msA\"",
            "match": {
              "arguments": [
                {
                  "val": "\"ahmedshabeer1996@gmail.com\"",
                  "offset": 21
                },
                {
                  "val": "\"9840585752msA\"",
                  "offset": 53
                }
              ],
              "location": "SkateLoginPageDetial.user_logged_in_using_and(String,String)"
            },
            "keyword": "When "
          },
          {
            "result": {
              "duration": 24300,
              "status": "skipped"
            },
            "line": 8,
            "name": "user click the login button",
            "match": {
              "location": "SkateLoginPageDetial.user_click_the_login_button()"
            },
            "keyword": "And "
          },
          {
            "result": {
              "duration": 21900,
              "status": "skipped"
            },
            "line": 9,
            "name": "user searching \"shirts\" in the search bar",
            "match": {
              "arguments": [
                {
                  "val": "\"shirts\"",
                  "offset": 15
                }
              ],
              "location": "SkateLoginPageDetial.user_searching_in_the_search_bar(String)"
            },
            "keyword": "And "
          },
          {
            "result": {
              "duration": 27100,
              "status": "skipped"
            },
            "line": 10,
            "name": "clicked search button.",
            "match": {
              "location": "SkateLoginPageDetial.clicked_search_button()"
            },
            "keyword": "And "
          },
          {
            "result": {
              "duration": 21500,
              "status": "skipped"
            },
            "line": 11,
            "name": "user printed all product in the consoul.",
            "match": {
              "location": "SkateLoginPageDetial.user_printed_all_product_in_the_consoul()"
            },
            "keyword": "And "
          },
          {
            "result": {
              "duration": 21200,
              "status": "skipped"
            },
            "line": 12,
            "name": "user closing the browser.",
            "match": {
              "location": "SkateLoginPageDetial.user_closing_the_browser()"
            },
            "keyword": "Then "
          }
        ],
        "tags": [
          {
            "name": "@sk8"
          }
        ]
      },
      {
        "start_timestamp": "2020-03-04T16:37:49.551Z",
        "before": [
          {
            "result": {
              "error_message": "org.openqa.selenium.SessionNotCreatedException: session not created\nfrom chrome not reachable\n  (Session info: chrome\u003d80.0.3987.122)\nBuild info: version: \u00273.141.59\u0027, revision: \u0027e82be7d358\u0027, time: \u00272018-11-14T08:17:03\u0027\nSystem info: host: \u0027LAPTOP-K28EKLKS\u0027, ip: \u0027192.168.1.2\u0027, os.name: \u0027Windows 10\u0027, os.arch: \u0027amd64\u0027, os.version: \u002710.0\u0027, java.version: \u00271.8.0_221\u0027\nDriver info: driver.version: ChromeDriver\nremote stacktrace: Backtrace:\n\tOrdinal0 [0x0089A113+1548563]\n\tOrdinal0 [0x0081DDA1+1039777]\n\tOrdinal0 [0x0079E32E+516910]\n\tOrdinal0 [0x00798012+491538]\n\tOrdinal0 [0x007986EB+493291]\n\tOrdinal0 [0x00799855+497749]\n\tOrdinal0 [0x00795885+481413]\n\tOrdinal0 [0x0079F0D0+520400]\n\tOrdinal0 [0x0074C030+180272]\n\tOrdinal0 [0x0074B59D+177565]\n\tOrdinal0 [0x007495FB+169467]\n\tOrdinal0 [0x0073160A+71178]\n\tOrdinal0 [0x00732690+75408]\n\tOrdinal0 [0x00732629+75305]\n\tOrdinal0 [0x008371B7+1143223]\n\tGetHandleVerifier [0x00932B46+507814]\n\tGetHandleVerifier [0x00932864+507076]\n\tGetHandleVerifier [0x00939F47+537511]\n\tGetHandleVerifier [0x00933402+510050]\n\tOrdinal0 [0x0082F29C+1110684]\n\tOrdinal0 [0x0083938B+1151883]\n\tOrdinal0 [0x008394F3+1152243]\n\tOrdinal0 [0x008383F5+1147893]\n\tBaseThreadInitThunk [0x760B6359+25]\n\tRtlGetAppContainerNamedObjectPath [0x77BD7B74+228]\n\tRtlGetAppContainerNamedObjectPath [0x77BD7B44+180]\n\r\n\tat sun.reflect.NativeConstructorAccessorImpl.newInstance0(Native Method)\r\n\tat sun.reflect.NativeConstructorAccessorImpl.newInstance(NativeConstructorAccessorImpl.java:62)\r\n\tat sun.reflect.DelegatingConstructorAccessorImpl.newInstance(DelegatingConstructorAccessorImpl.java:45)\r\n\tat java.lang.reflect.Constructor.newInstance(Constructor.java:423)\r\n\tat org.openqa.selenium.remote.W3CHandshakeResponse.lambda$errorHandler$0(W3CHandshakeResponse.java:62)\r\n\tat org.openqa.selenium.remote.HandshakeResponse.lambda$getResponseFunction$0(HandshakeResponse.java:30)\r\n\tat org.openqa.selenium.remote.ProtocolHandshake.lambda$createSession$0(ProtocolHandshake.java:126)\r\n\tat java.util.stream.ReferencePipeline$3$1.accept(ReferencePipeline.java:193)\r\n\tat java.util.Spliterators$ArraySpliterator.tryAdvance(Spliterators.java:958)\r\n\tat java.util.stream.ReferencePipeline.forEachWithCancel(ReferencePipeline.java:126)\r\n\tat java.util.stream.AbstractPipeline.copyIntoWithCancel(AbstractPipeline.java:499)\r\n\tat java.util.stream.AbstractPipeline.copyInto(AbstractPipeline.java:486)\r\n\tat java.util.stream.AbstractPipeline.wrapAndCopyInto(AbstractPipeline.java:472)\r\n\tat java.util.stream.FindOps$FindOp.evaluateSequential(FindOps.java:152)\r\n\tat java.util.stream.AbstractPipeline.evaluate(AbstractPipeline.java:234)\r\n\tat java.util.stream.ReferencePipeline.findFirst(ReferencePipeline.java:464)\r\n\tat org.openqa.selenium.remote.ProtocolHandshake.createSession(ProtocolHandshake.java:128)\r\n\tat org.openqa.selenium.remote.ProtocolHandshake.createSession(ProtocolHandshake.java:74)\r\n\tat org.openqa.selenium.remote.HttpCommandExecutor.execute(HttpCommandExecutor.java:136)\r\n\tat org.openqa.selenium.remote.service.DriverCommandExecutor.execute(DriverCommandExecutor.java:83)\r\n\tat org.openqa.selenium.remote.RemoteWebDriver.execute(RemoteWebDriver.java:552)\r\n\tat org.openqa.selenium.remote.RemoteWebDriver.startSession(RemoteWebDriver.java:213)\r\n\tat org.openqa.selenium.remote.RemoteWebDriver.\u003cinit\u003e(RemoteWebDriver.java:131)\r\n\tat org.openqa.selenium.chrome.ChromeDriver.\u003cinit\u003e(ChromeDriver.java:181)\r\n\tat org.openqa.selenium.chrome.ChromeDriver.\u003cinit\u003e(ChromeDriver.java:168)\r\n\tat org.openqa.selenium.chrome.ChromeDriver.\u003cinit\u003e(ChromeDriver.java:123)\r\n\tat com.base.LibGlobal.launch(LibGlobal.java:43)\r\n\tat com.stepdefinition.HookClassForSkate.beforeScenario(HookClassForSkate.java:16)\r\n\tat sun.reflect.NativeMethodAccessorImpl.invoke0(Native Method)\r\n\tat sun.reflect.NativeMethodAccessorImpl.invoke(NativeMethodAccessorImpl.java:62)\r\n\tat sun.reflect.DelegatingMethodAccessorImpl.invoke(DelegatingMethodAccessorImpl.java:43)\r\n\tat java.lang.reflect.Method.invoke(Method.java:498)\r\n\tat cucumber.runtime.Utils$1.call(Utils.java:26)\r\n\tat cucumber.runtime.Timeout.timeout(Timeout.java:16)\r\n\tat cucumber.runtime.Utils.invoke(Utils.java:20)\r\n\tat cucumber.runtime.java.JavaHookDefinition.execute(JavaHookDefinition.java:65)\r\n\tat cucumber.runner.HookDefinitionMatch.runStep(HookDefinitionMatch.java:16)\r\n\tat cucumber.runner.TestStep.executeStep(TestStep.java:65)\r\n\tat cucumber.runner.TestStep.run(TestStep.java:50)\r\n\tat cucumber.runner.TestCase.run(TestCase.java:42)\r\n\tat cucumber.runner.Runner.runPickle(Runner.java:50)\r\n\tat io.cucumber.junit.PickleRunners$NoStepDescriptions.run(PickleRunners.java:146)\r\n\tat io.cucumber.junit.FeatureRunner.runChild(FeatureRunner.java:68)\r\n\tat io.cucumber.junit.FeatureRunner.runChild(FeatureRunner.java:23)\r\n\tat org.junit.runners.ParentRunner$3.run(ParentRunner.java:290)\r\n\tat org.junit.runners.ParentRunner$1.schedule(ParentRunner.java:71)\r\n\tat org.junit.runners.ParentRunner.runChildren(ParentRunner.java:288)\r\n\tat org.junit.runners.ParentRunner.access$000(ParentRunner.java:58)\r\n\tat org.junit.runners.ParentRunner$2.evaluate(ParentRunner.java:268)\r\n\tat org.junit.runners.ParentRunner.run(ParentRunner.java:363)\r\n\tat io.cucumber.junit.Cucumber.runChild(Cucumber.java:144)\r\n\tat io.cucumber.junit.Cucumber.runChild(Cucumber.java:65)\r\n\tat org.junit.runners.ParentRunner$3.run(ParentRunner.java:290)\r\n\tat org.junit.runners.ParentRunner$1.schedule(ParentRunner.java:71)\r\n\tat org.junit.runners.ParentRunner.runChildren(ParentRunner.java:288)\r\n\tat org.junit.runners.ParentRunner.access$000(ParentRunner.java:58)\r\n\tat org.junit.runners.ParentRunner$2.evaluate(ParentRunner.java:268)\r\n\tat io.cucumber.junit.Cucumber$RunCucumber.evaluate(Cucumber.java:174)\r\n\tat org.junit.internal.runners.statements.RunAfters.evaluate(RunAfters.java:27)\r\n\tat org.junit.runners.ParentRunner.run(ParentRunner.java:363)\r\n\tat org.eclipse.jdt.internal.junit4.runner.JUnit4TestReference.run(JUnit4TestReference.java:86)\r\n\tat org.eclipse.jdt.internal.junit.runner.TestExecution.run(TestExecution.java:38)\r\n\tat org.eclipse.jdt.internal.junit.runner.RemoteTestRunner.runTests(RemoteTestRunner.java:538)\r\n\tat org.eclipse.jdt.internal.junit.runner.RemoteTestRunner.runTests(RemoteTestRunner.java:760)\r\n\tat org.eclipse.jdt.internal.junit.runner.RemoteTestRunner.run(RemoteTestRunner.java:460)\r\n\tat org.eclipse.jdt.internal.junit.runner.RemoteTestRunner.main(RemoteTestRunner.java:206)\r\n",
              "duration": 18145048700,
              "status": "failed"
            },
            "match": {
              "location": "HookClassForSkate.beforeScenario()"
            }
          }
        ],
        "line": 29,
        "name": "Verifying whether user can able to choose multiple product.",
        "description": "",
        "id": "verifying-user-can-shop-online.;verifying-whether-user-can-able-to-choose-multiple-product.;;2",
        "after": [
          {
            "result": {
              "error_message": "org.openqa.selenium.NoSuchSessionException: Session ID is null. Using WebDriver after calling quit()?\nBuild info: version: \u00273.141.59\u0027, revision: \u0027e82be7d358\u0027, time: \u00272018-11-14T08:17:03\u0027\nSystem info: host: \u0027LAPTOP-K28EKLKS\u0027, ip: \u0027192.168.1.2\u0027, os.name: \u0027Windows 10\u0027, os.arch: \u0027amd64\u0027, os.version: \u002710.0\u0027, java.version: \u00271.8.0_221\u0027\nDriver info: driver.version: RemoteWebDriver\r\n\tat org.openqa.selenium.remote.HttpCommandExecutor.execute(HttpCommandExecutor.java:125)\r\n\tat org.openqa.selenium.remote.service.DriverCommandExecutor.execute(DriverCommandExecutor.java:83)\r\n\tat org.openqa.selenium.remote.RemoteWebDriver.execute(RemoteWebDriver.java:552)\r\n\tat org.openqa.selenium.remote.RemoteWebDriver.execute(RemoteWebDriver.java:609)\r\n\tat org.openqa.selenium.remote.RemoteWebDriver.getScreenshotAs(RemoteWebDriver.java:295)\r\n\tat com.stepdefinition.HookClassForSkate.afterScenario(HookClassForSkate.java:29)\r\n\tat sun.reflect.NativeMethodAccessorImpl.invoke0(Native Method)\r\n\tat sun.reflect.NativeMethodAccessorImpl.invoke(NativeMethodAccessorImpl.java:62)\r\n\tat sun.reflect.DelegatingMethodAccessorImpl.invoke(DelegatingMethodAccessorImpl.java:43)\r\n\tat java.lang.reflect.Method.invoke(Method.java:498)\r\n\tat cucumber.runtime.Utils$1.call(Utils.java:26)\r\n\tat cucumber.runtime.Timeout.timeout(Timeout.java:16)\r\n\tat cucumber.runtime.Utils.invoke(Utils.java:20)\r\n\tat cucumber.runtime.java.JavaHookDefinition.execute(JavaHookDefinition.java:65)\r\n\tat cucumber.runner.HookDefinitionMatch.runStep(HookDefinitionMatch.java:16)\r\n\tat cucumber.runner.TestStep.executeStep(TestStep.java:65)\r\n\tat cucumber.runner.TestStep.run(TestStep.java:50)\r\n\tat cucumber.runner.TestCase.run(TestCase.java:50)\r\n\tat cucumber.runner.Runner.runPickle(Runner.java:50)\r\n\tat io.cucumber.junit.PickleRunners$NoStepDescriptions.run(PickleRunners.java:146)\r\n\tat io.cucumber.junit.FeatureRunner.runChild(FeatureRunner.java:68)\r\n\tat io.cucumber.junit.FeatureRunner.runChild(FeatureRunner.java:23)\r\n\tat org.junit.runners.ParentRunner$3.run(ParentRunner.java:290)\r\n\tat org.junit.runners.ParentRunner$1.schedule(ParentRunner.java:71)\r\n\tat org.junit.runners.ParentRunner.runChildren(ParentRunner.java:288)\r\n\tat org.junit.runners.ParentRunner.access$000(ParentRunner.java:58)\r\n\tat org.junit.runners.ParentRunner$2.evaluate(ParentRunner.java:268)\r\n\tat org.junit.runners.ParentRunner.run(ParentRunner.java:363)\r\n\tat io.cucumber.junit.Cucumber.runChild(Cucumber.java:144)\r\n\tat io.cucumber.junit.Cucumber.runChild(Cucumber.java:65)\r\n\tat org.junit.runners.ParentRunner$3.run(ParentRunner.java:290)\r\n\tat org.junit.runners.ParentRunner$1.schedule(ParentRunner.java:71)\r\n\tat org.junit.runners.ParentRunner.runChildren(ParentRunner.java:288)\r\n\tat org.junit.runners.ParentRunner.access$000(ParentRunner.java:58)\r\n\tat org.junit.runners.ParentRunner$2.evaluate(ParentRunner.java:268)\r\n\tat io.cucumber.junit.Cucumber$RunCucumber.evaluate(Cucumber.java:174)\r\n\tat org.junit.internal.runners.statements.RunAfters.evaluate(RunAfters.java:27)\r\n\tat org.junit.runners.ParentRunner.run(ParentRunner.java:363)\r\n\tat org.eclipse.jdt.internal.junit4.runner.JUnit4TestReference.run(JUnit4TestReference.java:86)\r\n\tat org.eclipse.jdt.internal.junit.runner.TestExecution.run(TestExecution.java:38)\r\n\tat org.eclipse.jdt.internal.junit.runner.RemoteTestRunner.runTests(RemoteTestRunner.java:538)\r\n\tat org.eclipse.jdt.internal.junit.runner.RemoteTestRunner.runTests(RemoteTestRunner.java:760)\r\n\tat org.eclipse.jdt.internal.junit.runner.RemoteTestRunner.run(RemoteTestRunner.java:460)\r\n\tat org.eclipse.jdt.internal.junit.runner.RemoteTestRunner.main(RemoteTestRunner.java:206)\r\n",
              "duration": 381700,
              "status": "failed"
            },
            "match": {
              "location": "HookClassForSkate.afterScenario(Scenario)"
            }
          },
          {
            "result": {
              "duration": 59300,
              "status": "passed"
            },
            "match": {
              "location": "HookClassForSkate.quit()"
            }
          }
        ],
        "type": "scenario",
        "keyword": "Scenario Outline",
        "steps": [
          {
            "result": {
              "duration": 55300,
              "status": "skipped"
            },
            "line": 19,
            "name": "User is in skateclothing login page",
            "match": {
              "location": "SkateLoginPageDetial.user_is_in_skateclothing_login_page()"
            },
            "keyword": "Given "
          },
          {
            "result": {
              "duration": 27400,
              "status": "skipped"
            },
            "line": 20,
            "name": "user logged in using \"ahmedshabeer1996@gmail.com\"and \"9840585752msA\"",
            "match": {
              "arguments": [
                {
                  "val": "\"ahmedshabeer1996@gmail.com\"",
                  "offset": 21
                },
                {
                  "val": "\"9840585752msA\"",
                  "offset": 53
                }
              ],
              "location": "SkateLoginPageDetial.user_logged_in_using_and(String,String)"
            },
            "keyword": "When "
          },
          {
            "result": {
              "duration": 21800,
              "status": "skipped"
            },
            "line": 21,
            "name": "user click the login button",
            "match": {
              "location": "SkateLoginPageDetial.user_click_the_login_button()"
            },
            "keyword": "And "
          },
          {
            "result": {
              "duration": 20700,
              "status": "skipped"
            },
            "line": 22,
            "name": "user searching \"shoes\" in the search bar",
            "match": {
              "arguments": [
                {
                  "val": "\"shoes\"",
                  "offset": 15
                }
              ],
              "location": "SkateLoginPageDetial.user_searching_in_the_search_bar(String)"
            },
            "keyword": "And "
          },
          {
            "result": {
              "duration": 21300,
              "status": "skipped"
            },
            "line": 23,
            "name": "clicked search button.",
            "match": {
              "location": "SkateLoginPageDetial.clicked_search_button()"
            },
            "keyword": "And "
          },
          {
            "result": {
              "duration": 19700,
              "status": "skipped"
            },
            "line": 24,
            "name": "user printed all product in the consoul.",
            "match": {
              "location": "SkateLoginPageDetial.user_printed_all_product_in_the_consoul()"
            },
            "keyword": "And "
          },
          {
            "result": {
              "duration": 24000,
              "status": "skipped"
            },
            "line": 25,
            "name": "user closing the browser.",
            "match": {
              "location": "SkateLoginPageDetial.user_closing_the_browser()"
            },
            "keyword": "Then "
          }
        ],
        "tags": [
          {
            "name": "@sk8"
          }
        ]
      },
      {
        "start_timestamp": "2020-03-04T16:38:07.695Z",
        "before": [
          {
            "result": {
              "error_message": "org.openqa.selenium.SessionNotCreatedException: session not created\nfrom chrome not reachable\n  (Session info: chrome\u003d80.0.3987.122)\nBuild info: version: \u00273.141.59\u0027, revision: \u0027e82be7d358\u0027, time: \u00272018-11-14T08:17:03\u0027\nSystem info: host: \u0027LAPTOP-K28EKLKS\u0027, ip: \u0027192.168.1.2\u0027, os.name: \u0027Windows 10\u0027, os.arch: \u0027amd64\u0027, os.version: \u002710.0\u0027, java.version: \u00271.8.0_221\u0027\nDriver info: driver.version: ChromeDriver\nremote stacktrace: Backtrace:\n\tOrdinal0 [0x0089A113+1548563]\n\tOrdinal0 [0x0081DDA1+1039777]\n\tOrdinal0 [0x0079E32E+516910]\n\tOrdinal0 [0x00798012+491538]\n\tOrdinal0 [0x007986EB+493291]\n\tOrdinal0 [0x00799855+497749]\n\tOrdinal0 [0x00795885+481413]\n\tOrdinal0 [0x0079F0D0+520400]\n\tOrdinal0 [0x0074C030+180272]\n\tOrdinal0 [0x0074B59D+177565]\n\tOrdinal0 [0x007495FB+169467]\n\tOrdinal0 [0x0073160A+71178]\n\tOrdinal0 [0x00732690+75408]\n\tOrdinal0 [0x00732629+75305]\n\tOrdinal0 [0x008371B7+1143223]\n\tGetHandleVerifier [0x00932B46+507814]\n\tGetHandleVerifier [0x00932864+507076]\n\tGetHandleVerifier [0x00939F47+537511]\n\tGetHandleVerifier [0x00933402+510050]\n\tOrdinal0 [0x0082F29C+1110684]\n\tOrdinal0 [0x0083938B+1151883]\n\tOrdinal0 [0x008394F3+1152243]\n\tOrdinal0 [0x008383F5+1147893]\n\tBaseThreadInitThunk [0x760B6359+25]\n\tRtlGetAppContainerNamedObjectPath [0x77BD7B74+228]\n\tRtlGetAppContainerNamedObjectPath [0x77BD7B44+180]\n\r\n\tat sun.reflect.NativeConstructorAccessorImpl.newInstance0(Native Method)\r\n\tat sun.reflect.NativeConstructorAccessorImpl.newInstance(NativeConstructorAccessorImpl.java:62)\r\n\tat sun.reflect.DelegatingConstructorAccessorImpl.newInstance(DelegatingConstructorAccessorImpl.java:45)\r\n\tat java.lang.reflect.Constructor.newInstance(Constructor.java:423)\r\n\tat org.openqa.selenium.remote.W3CHandshakeResponse.lambda$errorHandler$0(W3CHandshakeResponse.java:62)\r\n\tat org.openqa.selenium.remote.HandshakeResponse.lambda$getResponseFunction$0(HandshakeResponse.java:30)\r\n\tat org.openqa.selenium.remote.ProtocolHandshake.lambda$createSession$0(ProtocolHandshake.java:126)\r\n\tat java.util.stream.ReferencePipeline$3$1.accept(ReferencePipeline.java:193)\r\n\tat java.util.Spliterators$ArraySpliterator.tryAdvance(Spliterators.java:958)\r\n\tat java.util.stream.ReferencePipeline.forEachWithCancel(ReferencePipeline.java:126)\r\n\tat java.util.stream.AbstractPipeline.copyIntoWithCancel(AbstractPipeline.java:499)\r\n\tat java.util.stream.AbstractPipeline.copyInto(AbstractPipeline.java:486)\r\n\tat java.util.stream.AbstractPipeline.wrapAndCopyInto(AbstractPipeline.java:472)\r\n\tat java.util.stream.FindOps$FindOp.evaluateSequential(FindOps.java:152)\r\n\tat java.util.stream.AbstractPipeline.evaluate(AbstractPipeline.java:234)\r\n\tat java.util.stream.ReferencePipeline.findFirst(ReferencePipeline.java:464)\r\n\tat org.openqa.selenium.remote.ProtocolHandshake.createSession(ProtocolHandshake.java:128)\r\n\tat org.openqa.selenium.remote.ProtocolHandshake.createSession(ProtocolHandshake.java:74)\r\n\tat org.openqa.selenium.remote.HttpCommandExecutor.execute(HttpCommandExecutor.java:136)\r\n\tat org.openqa.selenium.remote.service.DriverCommandExecutor.execute(DriverCommandExecutor.java:83)\r\n\tat org.openqa.selenium.remote.RemoteWebDriver.execute(RemoteWebDriver.java:552)\r\n\tat org.openqa.selenium.remote.RemoteWebDriver.startSession(RemoteWebDriver.java:213)\r\n\tat org.openqa.selenium.remote.RemoteWebDriver.\u003cinit\u003e(RemoteWebDriver.java:131)\r\n\tat org.openqa.selenium.chrome.ChromeDriver.\u003cinit\u003e(ChromeDriver.java:181)\r\n\tat org.openqa.selenium.chrome.ChromeDriver.\u003cinit\u003e(ChromeDriver.java:168)\r\n\tat org.openqa.selenium.chrome.ChromeDriver.\u003cinit\u003e(ChromeDriver.java:123)\r\n\tat com.base.LibGlobal.launch(LibGlobal.java:43)\r\n\tat com.stepdefinition.HookClassForSkate.beforeScenario(HookClassForSkate.java:16)\r\n\tat sun.reflect.NativeMethodAccessorImpl.invoke0(Native Method)\r\n\tat sun.reflect.NativeMethodAccessorImpl.invoke(NativeMethodAccessorImpl.java:62)\r\n\tat sun.reflect.DelegatingMethodAccessorImpl.invoke(DelegatingMethodAccessorImpl.java:43)\r\n\tat java.lang.reflect.Method.invoke(Method.java:498)\r\n\tat cucumber.runtime.Utils$1.call(Utils.java:26)\r\n\tat cucumber.runtime.Timeout.timeout(Timeout.java:16)\r\n\tat cucumber.runtime.Utils.invoke(Utils.java:20)\r\n\tat cucumber.runtime.java.JavaHookDefinition.execute(JavaHookDefinition.java:65)\r\n\tat cucumber.runner.HookDefinitionMatch.runStep(HookDefinitionMatch.java:16)\r\n\tat cucumber.runner.TestStep.executeStep(TestStep.java:65)\r\n\tat cucumber.runner.TestStep.run(TestStep.java:50)\r\n\tat cucumber.runner.TestCase.run(TestCase.java:42)\r\n\tat cucumber.runner.Runner.runPickle(Runner.java:50)\r\n\tat io.cucumber.junit.PickleRunners$NoStepDescriptions.run(PickleRunners.java:146)\r\n\tat io.cucumber.junit.FeatureRunner.runChild(FeatureRunner.java:68)\r\n\tat io.cucumber.junit.FeatureRunner.runChild(FeatureRunner.java:23)\r\n\tat org.junit.runners.ParentRunner$3.run(ParentRunner.java:290)\r\n\tat org.junit.runners.ParentRunner$1.schedule(ParentRunner.java:71)\r\n\tat org.junit.runners.ParentRunner.runChildren(ParentRunner.java:288)\r\n\tat org.junit.runners.ParentRunner.access$000(ParentRunner.java:58)\r\n\tat org.junit.runners.ParentRunner$2.evaluate(ParentRunner.java:268)\r\n\tat org.junit.runners.ParentRunner.run(ParentRunner.java:363)\r\n\tat io.cucumber.junit.Cucumber.runChild(Cucumber.java:144)\r\n\tat io.cucumber.junit.Cucumber.runChild(Cucumber.java:65)\r\n\tat org.junit.runners.ParentRunner$3.run(ParentRunner.java:290)\r\n\tat org.junit.runners.ParentRunner$1.schedule(ParentRunner.java:71)\r\n\tat org.junit.runners.ParentRunner.runChildren(ParentRunner.java:288)\r\n\tat org.junit.runners.ParentRunner.access$000(ParentRunner.java:58)\r\n\tat org.junit.runners.ParentRunner$2.evaluate(ParentRunner.java:268)\r\n\tat io.cucumber.junit.Cucumber$RunCucumber.evaluate(Cucumber.java:174)\r\n\tat org.junit.internal.runners.statements.RunAfters.evaluate(RunAfters.java:27)\r\n\tat org.junit.runners.ParentRunner.run(ParentRunner.java:363)\r\n\tat org.eclipse.jdt.internal.junit4.runner.JUnit4TestReference.run(JUnit4TestReference.java:86)\r\n\tat org.eclipse.jdt.internal.junit.runner.TestExecution.run(TestExecution.java:38)\r\n\tat org.eclipse.jdt.internal.junit.runner.RemoteTestRunner.runTests(RemoteTestRunner.java:538)\r\n\tat org.eclipse.jdt.internal.junit.runner.RemoteTestRunner.runTests(RemoteTestRunner.java:760)\r\n\tat org.eclipse.jdt.internal.junit.runner.RemoteTestRunner.run(RemoteTestRunner.java:460)\r\n\tat org.eclipse.jdt.internal.junit.runner.RemoteTestRunner.main(RemoteTestRunner.java:206)\r\n",
              "duration": 15756254300,
              "status": "failed"
            },
            "match": {
              "location": "HookClassForSkate.beforeScenario()"
            }
          }
        ],
        "line": 42,
        "name": "Verifying whether user can able to choose multiple product.",
        "description": "",
        "id": "verifying-user-can-shop-online.;verifying-whether-user-can-able-to-choose-multiple-product.;;2",
        "after": [
          {
            "result": {
              "error_message": "org.openqa.selenium.NoSuchSessionException: Session ID is null. Using WebDriver after calling quit()?\nBuild info: version: \u00273.141.59\u0027, revision: \u0027e82be7d358\u0027, time: \u00272018-11-14T08:17:03\u0027\nSystem info: host: \u0027LAPTOP-K28EKLKS\u0027, ip: \u0027192.168.1.2\u0027, os.name: \u0027Windows 10\u0027, os.arch: \u0027amd64\u0027, os.version: \u002710.0\u0027, java.version: \u00271.8.0_221\u0027\nDriver info: driver.version: RemoteWebDriver\r\n\tat org.openqa.selenium.remote.HttpCommandExecutor.execute(HttpCommandExecutor.java:125)\r\n\tat org.openqa.selenium.remote.service.DriverCommandExecutor.execute(DriverCommandExecutor.java:83)\r\n\tat org.openqa.selenium.remote.RemoteWebDriver.execute(RemoteWebDriver.java:552)\r\n\tat org.openqa.selenium.remote.RemoteWebDriver.execute(RemoteWebDriver.java:609)\r\n\tat org.openqa.selenium.remote.RemoteWebDriver.getScreenshotAs(RemoteWebDriver.java:295)\r\n\tat com.stepdefinition.HookClassForSkate.afterScenario(HookClassForSkate.java:29)\r\n\tat sun.reflect.NativeMethodAccessorImpl.invoke0(Native Method)\r\n\tat sun.reflect.NativeMethodAccessorImpl.invoke(NativeMethodAccessorImpl.java:62)\r\n\tat sun.reflect.DelegatingMethodAccessorImpl.invoke(DelegatingMethodAccessorImpl.java:43)\r\n\tat java.lang.reflect.Method.invoke(Method.java:498)\r\n\tat cucumber.runtime.Utils$1.call(Utils.java:26)\r\n\tat cucumber.runtime.Timeout.timeout(Timeout.java:16)\r\n\tat cucumber.runtime.Utils.invoke(Utils.java:20)\r\n\tat cucumber.runtime.java.JavaHookDefinition.execute(JavaHookDefinition.java:65)\r\n\tat cucumber.runner.HookDefinitionMatch.runStep(HookDefinitionMatch.java:16)\r\n\tat cucumber.runner.TestStep.executeStep(TestStep.java:65)\r\n\tat cucumber.runner.TestStep.run(TestStep.java:50)\r\n\tat cucumber.runner.TestCase.run(TestCase.java:50)\r\n\tat cucumber.runner.Runner.runPickle(Runner.java:50)\r\n\tat io.cucumber.junit.PickleRunners$NoStepDescriptions.run(PickleRunners.java:146)\r\n\tat io.cucumber.junit.FeatureRunner.runChild(FeatureRunner.java:68)\r\n\tat io.cucumber.junit.FeatureRunner.runChild(FeatureRunner.java:23)\r\n\tat org.junit.runners.ParentRunner$3.run(ParentRunner.java:290)\r\n\tat org.junit.runners.ParentRunner$1.schedule(ParentRunner.java:71)\r\n\tat org.junit.runners.ParentRunner.runChildren(ParentRunner.java:288)\r\n\tat org.junit.runners.ParentRunner.access$000(ParentRunner.java:58)\r\n\tat org.junit.runners.ParentRunner$2.evaluate(ParentRunner.java:268)\r\n\tat org.junit.runners.ParentRunner.run(ParentRunner.java:363)\r\n\tat io.cucumber.junit.Cucumber.runChild(Cucumber.java:144)\r\n\tat io.cucumber.junit.Cucumber.runChild(Cucumber.java:65)\r\n\tat org.junit.runners.ParentRunner$3.run(ParentRunner.java:290)\r\n\tat org.junit.runners.ParentRunner$1.schedule(ParentRunner.java:71)\r\n\tat org.junit.runners.ParentRunner.runChildren(ParentRunner.java:288)\r\n\tat org.junit.runners.ParentRunner.access$000(ParentRunner.java:58)\r\n\tat org.junit.runners.ParentRunner$2.evaluate(ParentRunner.java:268)\r\n\tat io.cucumber.junit.Cucumber$RunCucumber.evaluate(Cucumber.java:174)\r\n\tat org.junit.internal.runners.statements.RunAfters.evaluate(RunAfters.java:27)\r\n\tat org.junit.runners.ParentRunner.run(ParentRunner.java:363)\r\n\tat org.eclipse.jdt.internal.junit4.runner.JUnit4TestReference.run(JUnit4TestReference.java:86)\r\n\tat org.eclipse.jdt.internal.junit.runner.TestExecution.run(TestExecution.java:38)\r\n\tat org.eclipse.jdt.internal.junit.runner.RemoteTestRunner.runTests(RemoteTestRunner.java:538)\r\n\tat org.eclipse.jdt.internal.junit.runner.RemoteTestRunner.runTests(RemoteTestRunner.java:760)\r\n\tat org.eclipse.jdt.internal.junit.runner.RemoteTestRunner.run(RemoteTestRunner.java:460)\r\n\tat org.eclipse.jdt.internal.junit.runner.RemoteTestRunner.main(RemoteTestRunner.java:206)\r\n",
              "duration": 293900,
              "status": "failed"
            },
            "match": {
              "location": "HookClassForSkate.afterScenario(Scenario)"
            }
          },
          {
            "result": {
              "duration": 79600,
              "status": "passed"
            },
            "match": {
              "location": "HookClassForSkate.quit()"
            }
          }
        ],
        "type": "scenario",
        "keyword": "Scenario Outline",
        "steps": [
          {
            "result": {
              "duration": 62200,
              "status": "skipped"
            },
            "line": 32,
            "name": "User is in skateclothing login page",
            "match": {
              "location": "SkateLoginPageDetial.user_is_in_skateclothing_login_page()"
            },
            "keyword": "Given "
          },
          {
            "result": {
              "duration": 41900,
              "status": "skipped"
            },
            "line": 33,
            "name": "user logged in using \"ahmedshabeer1996@gmail.com\"and \"9840585752msA\"",
            "match": {
              "arguments": [
                {
                  "val": "\"ahmedshabeer1996@gmail.com\"",
                  "offset": 21
                },
                {
                  "val": "\"9840585752msA\"",
                  "offset": 53
                }
              ],
              "location": "SkateLoginPageDetial.user_logged_in_using_and(String,String)"
            },
            "keyword": "When "
          },
          {
            "result": {
              "duration": 52700,
              "status": "skipped"
            },
            "line": 34,
            "name": "user click the login button",
            "match": {
              "location": "SkateLoginPageDetial.user_click_the_login_button()"
            },
            "keyword": "And "
          },
          {
            "result": {
              "duration": 34900,
              "status": "skipped"
            },
            "line": 35,
            "name": "user searching \"hoodes\" in the search bar",
            "match": {
              "arguments": [
                {
                  "val": "\"hoodes\"",
                  "offset": 15
                }
              ],
              "location": "SkateLoginPageDetial.user_searching_in_the_search_bar(String)"
            },
            "keyword": "And "
          },
          {
            "result": {
              "duration": 33500,
              "status": "skipped"
            },
            "line": 36,
            "name": "clicked search button.",
            "match": {
              "location": "SkateLoginPageDetial.clicked_search_button()"
            },
            "keyword": "And "
          },
          {
            "result": {
              "duration": 32400,
              "status": "skipped"
            },
            "line": 37,
            "name": "user printed all product in the consoul.",
            "match": {
              "location": "SkateLoginPageDetial.user_printed_all_product_in_the_consoul()"
            },
            "keyword": "And "
          },
          {
            "result": {
              "duration": 54200,
              "status": "skipped"
            },
            "line": 38,
            "name": "user closing the browser.",
            "match": {
              "location": "SkateLoginPageDetial.user_closing_the_browser()"
            },
            "keyword": "Then "
          }
        ],
        "tags": [
          {
            "name": "@sk8"
          }
        ]
      }
    ],
    "name": "Verifying user can shop online.",
    "description": "",
    "id": "verifying-user-can-shop-online.",
    "keyword": "Feature",
    "uri": "file:src/test/resources/Feature/New.feature",
    "tags": [
      {
        "name": "@sk8",
        "type": "Tag",
        "location": {
          "line": 2,
          "column": 1
        }
      }
    ]
  }
]